Determining if the strlcat exist failed with the following output:
Change Dir: /home/esteban/src/_md_json_wt/build-pgnojson/CMakeFiles/CMakeTmp

Run Build Command(s):/usr/bin/gmake -f Makefile cmTC_6772c/fast && /usr/bin/gmake  -f CMakeFiles/cmTC_6772c.dir/build.make CMakeFiles/cmTC_6772c.dir/build
gmake[1]: Entering directory '/home/esteban/src/_md_json_wt/build-pgnojson/CMakeFiles/CMakeTmp'
Building C object CMakeFiles/cmTC_6772c.dir/CheckSymbolExists.c.o
/usr/bin/cc    -o CMakeFiles/cmTC_6772c.dir/CheckSymbolExists.c.o -c /home/esteban/src/_md_json_wt/build-pgnojson/CMakeFiles/CMakeTmp/CheckSymbolExists.c
/home/esteban/src/_md_json_wt/build-pgnojson/CMakeFiles/CMakeTmp/CheckSymbolExists.c: In function ‘main’:
/home/esteban/src/_md_json_wt/build-pgnojson/CMakeFiles/CMakeTmp/CheckSymbolExists.c:8:19: error: ‘strlcat’ undeclared (first use in this function); did you mean ‘strncat’?
    8 |   return ((int*)(&strlcat))[argc];
      |                   ^~~~~~~
      |                   strncat
/home/esteban/src/_md_json_wt/build-pgnojson/CMakeFiles/CMakeTmp/CheckSymbolExists.c:8:19: note: each undeclared identifier is reported only once for each function it appears in
gmake[1]: *** [CMakeFiles/cmTC_6772c.dir/build.make:78: CMakeFiles/cmTC_6772c.dir/CheckSymbolExists.c.o] Error 1
gmake[1]: Leaving directory '/home/esteban/src/_md_json_wt/build-pgnojson/CMakeFiles/CMakeTmp'
gmake: *** [Makefile:127: cmTC_6772c/fast] Error 2


File /home/esteban/src/_md_json_wt/build-pgnojson/CMakeFiles/CMakeTmp/CheckSymbolExists.c:
/* */
#include <string.h>

int main(int argc, char** argv)
{
  (void)argv;
#ifndef strlcat
  return ((int*)(&strlcat))[argc];
#else
  (void)argc;
  return 0;
#endif
}
Determining if the strlcpy exist failed with the following output:
Change Dir: /home/esteban/src/_md_json_wt/build-pgnojson/CMakeFiles/CMakeTmp

Run Build Command(s):/usr/bin/gmake -f Makefile cmTC_07dd6/fast && /usr/bin/gmake  -f CMakeFiles/cmTC_07dd6.dir/build.make CMakeFiles/cmTC_07dd6.dir/build
gmake[1]: Entering directory '/home/esteban/src/_md_json_wt/build-pgnojson/CMakeFiles/CMakeTmp'
Building C object CMakeFiles/cmTC_07dd6.dir/CheckSymbolExists.c.o
/usr/bin/cc    -o CMakeFiles/cmTC_07dd6.dir/CheckSymbolExists.c.o -c /home/esteban/src/_md_json_wt/build-pgnojson/CMakeFiles/CMakeTmp/CheckSymbolExists.c
/home/esteban/src/_md_json_wt/build-pgnojson/CMakeFiles/CMakeTmp/CheckSymbolExists.c: In function ‘main’:
/home/esteban/src/_md_json_wt/build-pgnojson/CMakeFiles/CMakeTmp/CheckSymbolExists.c:8:19: error: ‘strlcpy’ undeclared (first use in this function); did you mean ‘strncpy’?
    8 |   return ((int*)(&strlcpy))[argc];
      |                   ^~~~~~~
      |                   strncpy
/home/esteban/src/_md_json_wt/build-pgnojson/CMakeFiles/CMakeTmp/CheckSymbolExists.c:8:19: note: each undeclared identifier is reported only once for each function it appears in
gmake[1]: *** [CMakeFiles/cmTC_07dd6.dir/build.make:78: CMakeFiles/cmTC_07dd6.dir/CheckSymbolExists.c.o] Error 1
gmake[1]: Leaving directory '/home/esteban/src/_md_json_wt/build-pgnojson/CMakeFiles/CMakeTmp'
gmake: *** [Makefile:127: cmTC_07dd6/fast] Error 2


File /home/esteban/src/_md_json_wt/build-pgnojson/CMakeFiles/CMakeTmp/CheckSymbolExists.c:
/* */
#include <string.h>

int main(int argc, char** argv)
{
  (void)argv;
#ifndef strlcpy
  return ((int*)(&strlcpy))[argc];
#else
  (void)argc;
  return 0;
#endif
}
